**********************
Windows PowerShell トランスクリプト開始
開始時刻: 20230121130600
ユーザー名: DESKTOP-5M2S7F4\user
RunAs ユーザー: DESKTOP-5M2S7F4\user
構成名: 
コンピューター: DESKTOP-5M2S7F4 (Microsoft Windows NT 10.0.19044.0)
ホスト アプリケーション: powershell C:\Users\user\zyh\Scripts_APLxy\Windows\powershell\WpgFitter\pss\WpgFitter.ps1
プロセス ID: 5408
PSVersion: 5.1.19041.2364
PSEdition: Desktop
PSCompatibleVersions: 1.0, 2.0, 3.0, 4.0, 5.0, 5.1.19041.2364
BuildVersion: 10.0.19041.2364
CLRVersion: 4.0.30319.42000
WSManStackVersion: 3.0
PSRemotingProtocolVersion: 2.3
SerializationVersion: 1.1.0.1
**********************
トランスクリプトが開始されました。出力ファイル: ..\log\log_20230121-130600.log
PS>終了エラー(New-Object): "CLSID {0002DF01-0000-0000-C000-000000000046} を含むコンポーネントの COM クラス ファクトリを取得中に、次のエラーが発生しました: 80040154 クラスが登録されていません (HRESULT からの例外:0x80040154 (REGDB_E_CLASSNOTREG))。"
